TN:
SF:src/components/Form/Button/index.tsx
FN:11,Button
FNF:1
FNH:1
FNDA:3,Button
DA:16,3
LF:1
LH:1
BRF:0
BRH:0
end_of_record
TN:
SF:src/components/Form/CategorySelectButton/index.tsx
FN:15,CategorySelectButton
FNF:1
FNH:1
FNDA:3,CategorySelectButton
DA:20,3
LF:1
LH:1
BRF:0
BRH:0
end_of_record
TN:
SF:src/components/Form/Input/index.tsx
FN:9,Input
FNF:1
FNH:1
FNDA:7,Input
DA:10,7
LF:1
LH:1
BRDA:9,0,0,6
BRF:1
BRH:1
end_of_record
TN:
SF:src/components/Form/InputForm/index.tsx
FN:14,InputForm
FN:19,(anonymous_1)
FNF:2
FNH:2
FNDA:6,InputForm
FNDA:6,(anonymous_1)
DA:15,6
DA:20,6
LF:2
LH:2
BRDA:28,0,0,6
BRDA:28,0,1,0
BRF:2
BRH:1
end_of_record
TN:
SF:src/components/Form/TransactionTypeButton/index.tsx
FN:21,TransactionTypeButton
FNF:1
FNH:1
FNDA:6,TransactionTypeButton
DA:10,1
DA:22,6
LF:2
LH:2
BRF:0
BRH:0
end_of_record
TN:
SF:src/components/HighlightCard/index.tsx
FN:26,HighlightCard
FNF:1
FNH:0
FNDA:0,HighlightCard
DA:20,0
DA:27,0
LF:2
LH:0
BRF:0
BRH:0
end_of_record
TN:
SF:src/components/HistoryCard/index.tsx
FN:16,HistoryCard
FNF:1
FNH:0
FNDA:0,HistoryCard
DA:17,0
LF:1
LH:0
BRF:0
BRH:0
end_of_record
TN:
SF:src/components/SignInSocialButton/index.tsx
FN:15,SignInSocialButton
FNF:1
FNH:0
FNDA:0,SignInSocialButton
DA:20,0
LF:1
LH:0
BRF:0
BRH:0
end_of_record
TN:
SF:src/components/TransactionCard/index.tsx
FN:26,TransactionCard
FN:27,(anonymous_1)
FNF:2
FNH:0
FNDA:0,TransactionCard
FNDA:0,(anonymous_1)
DA:27,0
DA:28,0
LF:2
LH:0
BRDA:32,0,0,0
BRDA:32,0,1,0
BRF:2
BRH:0
end_of_record
TN:
SF:src/hooks/auths.tsx
FN:38,AuthProvider
FN:44,signInWithGoogle
FN:76,signInWithApple
FN:102,signOut
FN:107,(anonymous_4)
FN:108,loadUserStorageKey
FN:127,useAuth
FNF:7
FNH:5
FNDA:8,AuthProvider
FNDA:3,signInWithGoogle
FNDA:0,signInWithApple
FNDA:0,signOut
FNDA:4,(anonymous_4)
FNDA:4,loadUserStorageKey
FNDA:9,useAuth
DA:7,2
DA:36,2
DA:39,8
DA:40,8
DA:42,8
DA:45,3
DA:46,3
DA:47,3
DA:48,3
DA:49,3
DA:51,3
DA:53,3
DA:56,2
DA:57,1
DA:58,1
DA:59,1
DA:60,1
DA:66,1
DA:67,1
DA:72,1
DA:77,0
DA:78,0
DA:85,0
DA:86,0
DA:87,0
DA:94,0
DA:95,0
DA:103,0
DA:104,0
DA:107,8
DA:109,4
DA:110,3
DA:111,0
DA:112,0
DA:114,3
DA:116,4
DA:120,8
DA:128,9
DA:129,9
LF:39
LH:28
BRDA:56,0,0,1
BRDA:56,0,1,1
BRDA:85,1,0,0
BRDA:85,1,1,0
BRDA:110,2,0,0
BRDA:110,2,1,3
BRF:6
BRH:3
end_of_record
TN:
SF:src/routes/app.routes.tsx
FN:14,AppRoutes
FN:32,(anonymous_1)
FN:45,(anonymous_2)
FN:58,(anonymous_3)
FNF:4
FNH:0
FNDA:0,AppRoutes
FNDA:0,(anonymous_1)
FNDA:0,(anonymous_2)
FNDA:0,(anonymous_3)
DA:12,0
DA:15,0
DA:16,0
DA:33,0
DA:46,0
DA:59,0
LF:6
LH:0
BRDA:23,0,0,0
BRDA:23,0,1,0
BRF:2
BRH:0
end_of_record
TN:
SF:src/routes/auth.routes.tsx
FN:8,AuthRoutes
FNF:1
FNH:0
FNDA:0,AuthRoutes
DA:6,0
DA:9,0
LF:2
LH:0
BRF:0
BRH:0
end_of_record
TN:
SF:src/routes/index.tsx
FN:9,Routes
FNF:1
FNH:0
FNDA:0,Routes
DA:10,0
DA:11,0
LF:2
LH:0
BRDA:13,0,0,0
BRDA:13,0,1,0
BRF:2
BRH:0
end_of_record
TN:
SF:src/screens/CategorySelect/index.tsx
FN:30,CategorySelect
FN:32,handleCategorySelect
FN:45,(anonymous_2)
FN:46,(anonymous_3)
FN:48,(anonymous_4)
FN:55,(anonymous_5)
FNF:6
FNH:4
FNDA:3,CategorySelect
FNDA:0,handleCategorySelect
FNDA:18,(anonymous_2)
FNDA:18,(anonymous_3)
FNDA:0,(anonymous_4)
FNDA:15,(anonymous_5)
DA:33,0
DA:36,3
DA:45,18
DA:47,18
DA:48,0
DA:55,15
LF:6
LH:4
BRF:0
BRH:0
end_of_record
TN:
SF:src/screens/Dashboard/index.tsx
FN:43,Dashboard
FN:51,getLastTransactionDate
FN:54,(anonymous_2)
FN:62,(anonymous_3)
FN:73,loadTransaction
FN:81,(anonymous_5)
FN:149,(anonymous_6)
FN:153,(anonymous_7)
FN:201,(anonymous_8)
FN:202,(anonymous_9)
FNF:10
FNH:0
FNDA:0,Dashboard
FNDA:0,getLastTransactionDate
FNDA:0,(anonymous_2)
FNDA:0,(anonymous_3)
FNDA:0,loadTransaction
FNDA:0,(anonymous_5)
FNDA:0,(anonymous_6)
FNDA:0,(anonymous_7)
FNDA:0,(anonymous_8)
FNDA:0,(anonymous_9)
DA:44,0
DA:45,0
DA:46,0
DA:48,0
DA:49,0
DA:53,0
DA:54,0
DA:56,0
DA:57,0
DA:60,0
DA:62,0
DA:70,0
DA:74,0
DA:75,0
DA:76,0
DA:78,0
DA:79,0
DA:81,0
DA:83,0
DA:84,0
DA:86,0
DA:89,0
DA:94,0
DA:100,0
DA:110,0
DA:113,0
DA:114,0
DA:116,0
DA:119,0
DA:121,0
DA:146,0
DA:149,0
DA:150,0
DA:153,0
DA:154,0
DA:157,0
DA:201,0
DA:202,0
LF:38
LH:0
BRDA:56,0,0,0
BRDA:56,0,1,0
BRDA:76,1,0,0
BRDA:76,1,1,0
BRDA:83,2,0,0
BRDA:83,2,1,0
BRDA:116,3,0,0
BRDA:116,3,1,0
BRDA:127,4,0,0
BRDA:127,4,1,0
BRDA:134,5,0,0
BRDA:134,5,1,0
BRDA:161,6,0,0
BRDA:161,6,1,0
BRF:14
BRH:0
end_of_record
TN:
SF:src/screens/Profile/index.tsx
FN:10,Profile
FN:27,(anonymous_1)
FNF:2
FNH:1
FNDA:3,Profile
FNDA:0,(anonymous_1)
DA:11,3
LF:1
LH:1
BRF:0
BRH:0
end_of_record
TN:
SF:src/screens/Register/index.tsx
FN:48,Register
FN:66,handleTransactionTypeSelect
FN:70,handleOpenSelectCategoryModal
FN:74,handleCloseSelectCategoryModal
FN:78,handleRegister
FN:146,(anonymous_5)
FN:152,(anonymous_6)
FNF:7
FNH:2
FNDA:3,Register
FNDA:0,handleTransactionTypeSelect
FNDA:1,handleOpenSelectCategoryModal
FNDA:0,handleCloseSelectCategoryModal
FNDA:0,handleRegister
FNDA:0,(anonymous_5)
FNDA:0,(anonymous_6)
DA:37,1
DA:49,3
DA:51,3
DA:53,3
DA:54,3
DA:55,3
DA:62,3
DA:67,0
DA:71,1
DA:75,0
DA:79,0
DA:80,0
DA:82,0
DA:83,0
DA:85,0
DA:94,0
DA:95,0
DA:96,0
DA:98,0
DA:103,0
DA:105,0
DA:106,0
DA:110,0
DA:113,0
DA:114,0
DA:118,3
DA:146,0
DA:152,0
LF:28
LH:9
BRDA:79,0,0,0
BRDA:79,0,1,0
BRDA:82,1,0,0
BRDA:82,1,1,0
BRDA:96,2,0,0
BRDA:96,2,1,0
BRDA:132,3,0,3
BRDA:132,3,1,0
BRDA:139,4,0,3
BRDA:139,4,1,0
BRF:10
BRH:2
end_of_record
TN:
SF:src/screens/Resume/index.tsx
FN:47,Resume
FN:55,handleDateChange
FN:63,loadData
FN:70,(anonymous_3)
FN:76,(anonymous_4)
FN:82,(anonymous_5)
FN:85,(anonymous_6)
FN:113,(anonymous_7)
FN:135,(anonymous_8)
FN:141,(anonymous_9)
FN:148,(anonymous_10)
FN:162,(anonymous_11)
FNF:12
FNH:0
FNDA:0,Resume
FNDA:0,handleDateChange
FNDA:0,loadData
FNDA:0,(anonymous_3)
FNDA:0,(anonymous_4)
FNDA:0,(anonymous_5)
FNDA:0,(anonymous_6)
FNDA:0,(anonymous_7)
FNDA:0,(anonymous_8)
FNDA:0,(anonymous_9)
FNDA:0,(anonymous_10)
FNDA:0,(anonymous_11)
DA:48,0
DA:49,0
DA:50,0
DA:52,0
DA:53,0
DA:56,0
DA:57,0
DA:59,0
DA:64,0
DA:65,0
DA:66,0
DA:67,0
DA:69,0
DA:71,0
DA:76,0
DA:77,0
DA:80,0
DA:82,0
DA:83,0
DA:85,0
DA:86,0
DA:87,0
DA:91,0
DA:92,0
DA:97,0
DA:99,0
DA:109,0
DA:110,0
DA:113,0
DA:114,0
DA:117,0
DA:135,0
DA:141,0
DA:148,0
DA:163,0
LF:35
LH:0
BRDA:56,0,0,0
BRDA:56,0,1,0
BRDA:67,1,0,0
BRDA:67,1,1,0
BRDA:71,2,0,0
BRDA:71,2,1,0
BRDA:71,2,2,0
BRDA:86,3,0,0
BRDA:86,3,1,0
BRDA:91,4,0,0
BRDA:91,4,1,0
BRDA:123,5,0,0
BRDA:123,5,1,0
BRF:13
BRH:0
end_of_record
TN:
SF:src/screens/SignIn/index.tsx
FN:24,SignIn
FN:29,handleSignInWithGoogle
FN:40,handleSignInWithApple
FNF:3
FNH:0
FNDA:0,SignIn
FNDA:0,handleSignInWithGoogle
FNDA:0,handleSignInWithApple
DA:25,0
DA:26,0
DA:27,0
DA:30,0
DA:31,0
DA:32,0
DA:34,0
DA:35,0
DA:36,0
DA:41,0
DA:42,0
DA:43,0
DA:45,0
DA:46,0
DA:47,0
DA:51,0
LF:16
LH:0
BRDA:81,0,0,0
BRDA:81,0,1,0
BRDA:90,1,0,0
BRDA:90,1,1,0
BRF:4
BRH:0
end_of_record
